<?xml version="1.0" encoding="UTF-8" ?>
<testsuite tests="2" failures="1" name="api.ReqresTest" time="5.566" errors="0" skipped="0">
  <properties>
[...]
</properties>
  <testcase classname="api.ReqresTest" name="testIfAvatarContainsId" time="5.489"/>
  <testcase classname="api.ReqresTest" name="testTest" time="0.077">
    <failure message="expected [true] but found [false]" type="java.lang.AssertionError">java.lang.AssertionError: expected [true] but found [false]
	at org.testng.Assert.fail(Assert.java:110)
	at org.testng.Assert.failNotEquals(Assert.java:1577)
	at org.testng.Assert.assertTrue(Assert.java:56)
	at org.testng.Assert.assertTrue(Assert.java:66)
	at api.ReqresTest.testTest(ReqresTest.java:28)
</failure>
  </testcase>
</testsuite>