<?xml version="1.0" encoding="UTF-8"?>
<!-- Generated by org.testng.reporters.JUnitXMLReporter -->
<testsuite ignored="0" hostname="MacBook-Air-Ruslan.local" failures="1" tests="2" name="Command line test" time="5.66" errors="0" timestamp="2023-08-27T20:30:25 MSK">
  <testcase classname="api.ReqresTest" name="testIfAvatarContainsId" time="5.322"/>
  <testcase classname="api.ReqresTest" name="testTest" time="0.055">
    <failure type="java.lang.AssertionError" message="expected [true] but found [false]">
      <![CDATA[java.lang.AssertionError: expected [true] but found [false]
at api.ReqresTest.testTest(ReqresTest.java:28)
at java.base/java.util.ArrayList.forEach(ArrayList.java:1511)
... Removed 40 stack frames]]>
    </failure>
  </testcase> <!-- testTest -->
</testsuite> <!-- Command line test -->
